2021-01-18 11:18:35,242:INFO:PyCaret Supervised Module
2021-01-18 11:18:35,242:INFO:ML Usecase: regression
2021-01-18 11:18:35,243:INFO:version 2.2.2
2021-01-18 11:18:35,243:INFO:Initializing setup()
2021-01-18 11:18:35,243:INFO:setup(target=charges, ml_usecase=regression, available_plots={'parameter': 'Hyperparameters', 'residuals': 'Residuals', 'error': 'Prediction Error', 'cooks': 'Cooks Distance', 'rfe': 'Feature Selection', 'learning': 'Learning Curve', 'manifold': 'Manifold Learning', 'vc': 'Validation Curve', 'feature': 'Feature Importance', 'feature_all': 'Feature Importance (All)', 'tree': 'Decision Tree'}, train_size=0.7, test_data=None, preprocess=True, imputation_type=simple, iterative_imputation_iters=5, categorical_features=None, categorical_imputation=constant, categorical_iterative_imputer=lightgbm, ordinal_features=None, high_cardinality_features=None, high_cardinality_method=frequency, numeric_features=None, numeric_imputation=mean, numeric_iterative_imputer=lightgbm, date_features=None, ignore_features=None, normalize=False, normalize_method=zscore, transformation=False, transformation_method=yeo-johnson, handle_unknown_categorical=True, unknown_categorical_method=least_frequent, pca=False, pca_method=linear, pca_components=None, ignore_low_variance=False, combine_rare_levels=False, rare_level_threshold=0.1, bin_numeric_features=None, remove_outliers=False, outliers_threshold=0.05, remove_multicollinearity=False, multicollinearity_threshold=0.9, remove_perfect_collinearity=True, create_clusters=False, cluster_iter=20, polynomial_features=False, polynomial_degree=2, trigonometry_features=False, polynomial_threshold=0.1, group_features=None, group_names=None, feature_selection=False, feature_selection_threshold=0.8, feature_selection_method=classic, feature_interaction=False, feature_ratio=False, interaction_threshold=0.01, fix_imbalance=False, fix_imbalance_method=None, transform_target=False, transform_target_method=box-cox, data_split_shuffle=True, data_split_stratify=False, fold_strategy=kfold, fold=10, fold_shuffle=False, fold_groups=None, n_jobs=-1, use_gpu=False, custom_pipeline=None, html=True, session_id=123, log_experiment=False, experiment_name=None, log_plots=False, log_profile=False, log_data=False, silent=False, verbose=True, profile=False, profile_kwargs=None, display=None)
2021-01-18 11:18:35,244:INFO:Checking environment
2021-01-18 11:18:35,244:INFO:python_version: 3.8.5
2021-01-18 11:18:35,245:INFO:python_build: ('default', 'Sep  3 2020 21:29:08')
2021-01-18 11:18:35,245:INFO:machine: AMD64
2021-01-18 11:18:35,246:INFO:platform: Windows-10-10.0.18362-SP0
2021-01-18 11:18:35,246:INFO:Memory: svmem(total=8481255424, available=3543580672, percent=58.2, used=4937674752, free=3543580672)
2021-01-18 11:18:35,246:INFO:Physical Core: 2
2021-01-18 11:18:35,247:INFO:Logical Core: 4
2021-01-18 11:18:35,247:INFO:Checking libraries
2021-01-18 11:18:35,247:INFO:pd==1.1.3
2021-01-18 11:18:35,247:INFO:numpy==1.19.2
2021-01-18 11:18:35,248:INFO:sklearn==0.22
2021-01-18 11:18:35,351:INFO:xgboost==0.90
2021-01-18 11:18:35,351:INFO:lightgbm==2.3.1
2021-01-18 11:18:36,031:INFO:catboost==0.24.3
2021-01-18 11:18:40,215:INFO:mlflow==1.12.1
2021-01-18 11:18:40,217:INFO:Checking Exceptions
2021-01-18 11:18:40,218:INFO:Declaring global variables
2021-01-18 11:18:40,218:INFO:USI: b563
2021-01-18 11:18:40,218:INFO:pycaret_globals: {'_all_models_internal', 'pycaret_globals', 'y', '_all_metrics', '_ml_usecase', '_all_models', 'create_model_container', 'exp_name_log', '_gpu_n_jobs_param', 'fold_shuffle_param', 'transform_target_param', 'fold_generator', 'html_param', 'fix_imbalance_method_param', 'n_jobs_param', 'seed', 'iterative_imputation_iters_param', 'USI', 'transform_target_method_param', 'X_test', 'imputation_regressor', 'X_train', '_internal_pipeline', 'log_plots_param', 'gpu_param', 'display_container', 'fix_imbalance_param', 'y_test', 'prep_pipe', 'master_model_container', 'experiment__', 'data_before_preprocess', 'target_param', 'fold_groups_param', '_available_plots', 'y_train', 'imputation_classifier', 'stratify_param', 'logging_param', 'X', 'fold_param'}
2021-01-18 11:18:40,219:INFO:Preparing display monitor
2021-01-18 11:18:40,219:INFO:Preparing display monitor
2021-01-18 11:18:40,278:INFO:Importing libraries
2021-01-18 11:18:40,279:INFO:Copying data for preprocessing
2021-01-18 11:18:40,307:INFO:Declaring preprocessing parameters
2021-01-18 11:18:40,311:INFO:Creating preprocessing pipeline
2021-01-18 11:18:40,346:INFO:Preprocessing pipeline created successfully
2021-01-18 11:18:40,347:ERROR:(Process Exit): setup has been interupted with user command 'quit'. setup must rerun.
2021-01-18 11:18:40,348:INFO:Creating global containers
2021-01-18 11:18:40,357:INFO:Internal pipeline: Pipeline(memory=None, steps=[('empty_step', 'passthrough')], verbose=False)
2021-01-18 11:18:42,993:INFO:Creating grid variables
2021-01-18 11:18:43,048:INFO:create_model_container: 0
2021-01-18 11:18:43,049:INFO:master_model_container: 0
2021-01-18 11:18:43,049:INFO:display_container: 0
2021-01-18 11:18:43,067:INFO:Pipeline(memory=None,
         steps=[('dtypes',
                 DataTypes_Auto_infer(categorical_features=[],
                                      display_types=True, features_todrop=[],
                                      id_columns=[], ml_usecase='regression',
                                      numerical_features=[], target='charges',
                                      time_features=[])),
                ('imputer',
                 Simple_Imputer(categorical_strategy='not_available',
                                fill_value_categorical=None,
                                fill_value_numerical=None,
                                numeric_strategy...
                ('scaling', 'passthrough'), ('P_transform', 'passthrough'),
                ('binn', 'passthrough'), ('rem_outliers', 'passthrough'),
                ('cluster_all', 'passthrough'),
                ('dummy', Dummify(target='charges')),
                ('fix_perfect', Remove_100(target='charges')),
                ('clean_names', Clean_Colum_Names()),
                ('feature_select', 'passthrough'), ('fix_multi', 'passthrough'),
                ('dfs', 'passthrough'), ('pca', 'passthrough')],
         verbose=False)
2021-01-18 11:18:43,068:INFO:setup() succesfully completed......................................
2021-01-18 11:19:06,239:INFO:Initializing create_model()
2021-01-18 11:19:06,239:INFO:create_model(estimator=gbr, fold=None, round=4, cross_validation=True, predict=True, fit_kwargs=None, groups=None, refit=True, verbose=True, system=True, metrics=None, display=None, kwargs={})
2021-01-18 11:19:06,239:INFO:Checking exceptions
2021-01-18 11:19:06,240:INFO:Preparing display monitor
2021-01-18 11:19:06,294:INFO:Importing libraries
2021-01-18 11:19:06,295:INFO:Copying training dataset
2021-01-18 11:19:06,298:INFO:Defining folds
2021-01-18 11:19:06,298:INFO:Declaring metric variables
2021-01-18 11:19:06,325:INFO:Importing untrained model
2021-01-18 11:19:06,354:INFO:Gradient Boosting Regressor Imported succesfully
2021-01-18 11:19:06,405:INFO:Starting cross validation
2021-01-18 11:19:06,424:INFO:Cross validating with KFold(n_splits=10, random_state=123, shuffle=False), n_jobs=-1
2021-01-18 11:19:17,869:INFO:Calculating mean and std
2021-01-18 11:19:17,872:INFO:Creating metrics dataframe
2021-01-18 11:19:17,915:INFO:Finalizing model
2021-01-18 11:19:18,164:INFO:Uploading results into container
2021-01-18 11:19:18,164:INFO:Uploading model into container now
2021-01-18 11:19:18,209:INFO:create_model_container: 1
2021-01-18 11:19:18,209:INFO:master_model_container: 1
2021-01-18 11:19:18,210:INFO:display_container: 1
2021-01-18 11:19:18,212:INFO:GradientBoostingRegressor(alpha=0.9, ccp_alpha=0.0, criterion='friedman_mse',
                          init=None, learning_rate=0.1, loss='ls', max_depth=3,
                          max_features=None, max_leaf_nodes=None,
                          min_impurity_decrease=0.0, min_impurity_split=None,
                          min_samples_leaf=1, min_samples_split=2,
                          min_weight_fraction_leaf=0.0, n_estimators=100,
                          n_iter_no_change=None, presort='deprecated',
                          random_state=123, subsample=1.0, tol=0.0001,
                          validation_fraction=0.1, verbose=0, warm_start=False)
2021-01-18 11:19:18,212:INFO:create_model() succesfully completed......................................
2021-01-18 11:19:25,857:INFO:Initializing plot_model()
2021-01-18 11:19:25,857:INFO:plot_model(plot=residuals, fold=None, use_train_data=False, verbose=True, display=None, estimator=GradientBoostingRegressor(alpha=0.9, ccp_alpha=0.0, criterion='friedman_mse',
                          init=None, learning_rate=0.1, loss='ls', max_depth=3,
                          max_features=None, max_leaf_nodes=None,
                          min_impurity_decrease=0.0, min_impurity_split=None,
                          min_samples_leaf=1, min_samples_split=2,
                          min_weight_fraction_leaf=0.0, n_estimators=100,
                          n_iter_no_change=None, presort='deprecated',
                          random_state=123, subsample=1.0, tol=0.0001,
                          validation_fraction=0.1, verbose=0, warm_start=False), feature_name=None, fit_kwargs=None, groups=None, label=False, save=False, scale=1, system=True)
2021-01-18 11:19:25,857:INFO:Checking exceptions
2021-01-18 11:19:25,861:INFO:Preparing display monitor
2021-01-18 11:19:25,879:INFO:Preloading libraries
2021-01-18 11:19:25,911:INFO:Copying training dataset
2021-01-18 11:19:25,912:INFO:Copying test dataset
2021-01-18 11:19:25,912:INFO:Plot type: residuals
2021-01-18 11:19:29,253:INFO:Fitting Model
2021-01-18 11:19:29,315:INFO:Scoring test/hold-out set
2021-01-18 11:19:31,143:INFO:Visual Rendered Successfully
2021-01-18 11:19:31,264:INFO:plot_model() succesfully completed......................................
2021-01-18 11:19:44,516:INFO:PyCaret Supervised Module
2021-01-18 11:19:44,516:INFO:ML Usecase: regression
2021-01-18 11:19:44,517:INFO:version 2.2.2
2021-01-18 11:19:44,517:INFO:Initializing setup()
2021-01-18 11:19:44,518:INFO:setup(target=charges, ml_usecase=regression, available_plots={'parameter': 'Hyperparameters', 'residuals': 'Residuals', 'error': 'Prediction Error', 'cooks': 'Cooks Distance', 'rfe': 'Feature Selection', 'learning': 'Learning Curve', 'manifold': 'Manifold Learning', 'vc': 'Validation Curve', 'feature': 'Feature Importance', 'feature_all': 'Feature Importance (All)', 'tree': 'Decision Tree'}, train_size=0.7, test_data=None, preprocess=True, imputation_type=simple, iterative_imputation_iters=5, categorical_features=None, categorical_imputation=constant, categorical_iterative_imputer=lightgbm, ordinal_features=None, high_cardinality_features=None, high_cardinality_method=frequency, numeric_features=None, numeric_imputation=mean, numeric_iterative_imputer=lightgbm, date_features=None, ignore_features=None, normalize=True, normalize_method=zscore, transformation=False, transformation_method=yeo-johnson, handle_unknown_categorical=True, unknown_categorical_method=least_frequent, pca=False, pca_method=linear, pca_components=None, ignore_low_variance=False, combine_rare_levels=False, rare_level_threshold=0.1, bin_numeric_features=['age', 'bmi'], remove_outliers=False, outliers_threshold=0.05, remove_multicollinearity=False, multicollinearity_threshold=0.9, remove_perfect_collinearity=True, create_clusters=False, cluster_iter=20, polynomial_features=True, polynomial_degree=2, trigonometry_features=True, polynomial_threshold=0.1, group_features=None, group_names=None, feature_selection=False, feature_selection_threshold=0.8, feature_selection_method=classic, feature_interaction=True, feature_ratio=False, interaction_threshold=0.01, fix_imbalance=False, fix_imbalance_method=None, transform_target=False, transform_target_method=box-cox, data_split_shuffle=True, data_split_stratify=False, fold_strategy=kfold, fold=10, fold_shuffle=False, fold_groups=None, n_jobs=-1, use_gpu=False, custom_pipeline=None, html=True, session_id=123, log_experiment=False, experiment_name=None, log_plots=False, log_profile=False, log_data=False, silent=False, verbose=True, profile=False, profile_kwargs=None, display=None)
2021-01-18 11:19:44,518:INFO:Checking environment
2021-01-18 11:19:44,518:INFO:python_version: 3.8.5
2021-01-18 11:19:44,518:INFO:python_build: ('default', 'Sep  3 2020 21:29:08')
2021-01-18 11:19:44,519:INFO:machine: AMD64
2021-01-18 11:19:44,519:INFO:platform: Windows-10-10.0.18362-SP0
2021-01-18 11:19:44,519:INFO:Memory: svmem(total=8481255424, available=3079548928, percent=63.7, used=5401706496, free=3079548928)
2021-01-18 11:19:44,519:INFO:Physical Core: 2
2021-01-18 11:19:44,520:INFO:Logical Core: 4
2021-01-18 11:19:44,520:INFO:Checking libraries
2021-01-18 11:19:44,520:INFO:pd==1.1.3
2021-01-18 11:19:44,520:INFO:numpy==1.19.2
2021-01-18 11:19:44,520:INFO:sklearn==0.22
2021-01-18 11:19:44,521:INFO:xgboost==0.90
2021-01-18 11:19:44,521:INFO:lightgbm==2.3.1
2021-01-18 11:19:44,521:INFO:catboost==0.24.3
2021-01-18 11:19:44,521:INFO:mlflow==1.12.1
2021-01-18 11:19:44,521:INFO:Checking Exceptions
2021-01-18 11:19:44,522:INFO:Declaring global variables
2021-01-18 11:19:44,522:INFO:USI: 806a
2021-01-18 11:19:44,522:INFO:pycaret_globals: {'_all_models_internal', 'pycaret_globals', 'y', '_all_metrics', '_ml_usecase', '_all_models', 'create_model_container', 'exp_name_log', '_gpu_n_jobs_param', 'fold_shuffle_param', 'transform_target_param', 'fold_generator', 'html_param', 'fix_imbalance_method_param', 'n_jobs_param', 'seed', 'iterative_imputation_iters_param', 'USI', 'transform_target_method_param', 'X_test', 'imputation_regressor', 'X_train', '_internal_pipeline', 'log_plots_param', 'gpu_param', 'display_container', 'fix_imbalance_param', 'y_test', 'prep_pipe', 'master_model_container', 'experiment__', 'data_before_preprocess', 'target_param', 'fold_groups_param', '_available_plots', 'y_train', 'imputation_classifier', 'stratify_param', 'logging_param', 'X', 'fold_param'}
2021-01-18 11:19:44,523:INFO:Preparing display monitor
2021-01-18 11:19:44,523:INFO:Preparing display monitor
2021-01-18 11:19:44,562:INFO:Importing libraries
2021-01-18 11:19:44,562:INFO:Copying data for preprocessing
2021-01-18 11:19:44,592:INFO:Declaring preprocessing parameters
2021-01-18 11:19:44,595:INFO:Creating preprocessing pipeline
2021-01-18 11:19:44,609:INFO:Preprocessing pipeline created successfully
2021-01-18 11:19:44,609:ERROR:(Process Exit): setup has been interupted with user command 'quit'. setup must rerun.
2021-01-18 11:19:44,610:INFO:Creating global containers
2021-01-18 11:19:44,611:INFO:Internal pipeline: Pipeline(memory=None, steps=[('empty_step', 'passthrough')], verbose=False)
2021-01-18 11:19:47,915:INFO:Creating grid variables
2021-01-18 11:19:47,956:INFO:create_model_container: 0
2021-01-18 11:19:47,957:INFO:master_model_container: 0
2021-01-18 11:19:47,958:INFO:display_container: 0
2021-01-18 11:19:47,976:INFO:Pipeline(memory=None,
         steps=[('dtypes',
                 DataTypes_Auto_infer(categorical_features=[],
                                      display_types=True, features_todrop=[],
                                      id_columns=[], ml_usecase='regression',
                                      numerical_features=[], target='charges',
                                      time_features=[])),
                ('imputer',
                 Simple_Imputer(categorical_strategy='not_available',
                                fill_value_categorical=None,
                                fill_value_numerical=None,
                                numeric_strategy...
                ('dummy', Dummify(target='charges')),
                ('fix_perfect', Remove_100(target='charges')),
                ('clean_names', Clean_Colum_Names()),
                ('feature_select', 'passthrough'), ('fix_multi', 'passthrough'),
                ('dfs',
                 DFS_Classic(interactions=['multiply'], ml_usecase='regression',
                             random_state=123, subclass='binary',
                             target='charges',
                             top_features_to_pick_percentage=None)),
                ('pca', 'passthrough')],
         verbose=False)
2021-01-18 11:19:47,976:INFO:setup() succesfully completed......................................
2021-01-18 11:19:52,496:INFO:Initializing create_model()
2021-01-18 11:19:52,497:INFO:create_model(estimator=lr, fold=None, round=4, cross_validation=True, predict=True, fit_kwargs=None, groups=None, refit=True, verbose=True, system=True, metrics=None, display=None, kwargs={})
2021-01-18 11:19:52,497:INFO:Checking exceptions
2021-01-18 11:19:52,498:INFO:Preparing display monitor
2021-01-18 11:19:52,549:INFO:Importing libraries
2021-01-18 11:19:52,550:INFO:Copying training dataset
2021-01-18 11:19:52,552:INFO:Defining folds
2021-01-18 11:19:52,553:INFO:Declaring metric variables
2021-01-18 11:19:52,579:INFO:Importing untrained model
2021-01-18 11:19:52,607:INFO:Linear Regression Imported succesfully
2021-01-18 11:19:52,657:INFO:Starting cross validation
2021-01-18 11:19:52,659:INFO:Cross validating with KFold(n_splits=10, random_state=123, shuffle=False), n_jobs=-1
2021-01-18 11:19:52,835:INFO:Calculating mean and std
2021-01-18 11:19:52,836:INFO:Creating metrics dataframe
2021-01-18 11:19:52,860:INFO:Finalizing model
2021-01-18 11:19:52,886:INFO:Uploading results into container
2021-01-18 11:19:52,886:INFO:Uploading model into container now
2021-01-18 11:19:52,932:INFO:create_model_container: 1
2021-01-18 11:19:52,932:INFO:master_model_container: 1
2021-01-18 11:19:52,933:INFO:display_container: 1
2021-01-18 11:19:52,934:INFO:LinearRegression(copy_X=True, fit_intercept=True, n_jobs=-1, normalize=False)
2021-01-18 11:19:52,934:INFO:create_model() succesfully completed......................................
2021-01-18 11:20:07,285:INFO:Initializing create_model()
2021-01-18 11:20:07,285:INFO:create_model(estimator=gbr, fold=None, round=4, cross_validation=True, predict=True, fit_kwargs=None, groups=None, refit=True, verbose=True, system=True, metrics=None, display=None, kwargs={})
2021-01-18 11:20:07,286:INFO:Checking exceptions
2021-01-18 11:20:07,287:INFO:Preparing display monitor
2021-01-18 11:20:07,339:INFO:Importing libraries
2021-01-18 11:20:07,339:INFO:Copying training dataset
2021-01-18 11:20:07,343:INFO:Defining folds
2021-01-18 11:20:07,343:INFO:Declaring metric variables
2021-01-18 11:20:07,365:INFO:Importing untrained model
2021-01-18 11:20:07,392:INFO:Gradient Boosting Regressor Imported succesfully
2021-01-18 11:20:07,445:INFO:Starting cross validation
2021-01-18 11:20:07,446:INFO:Cross validating with KFold(n_splits=10, random_state=123, shuffle=False), n_jobs=-1
2021-01-18 11:20:09,375:INFO:Calculating mean and std
2021-01-18 11:20:09,377:INFO:Creating metrics dataframe
2021-01-18 11:20:09,401:INFO:Finalizing model
2021-01-18 11:20:09,856:INFO:Uploading results into container
2021-01-18 11:20:09,857:INFO:Uploading model into container now
2021-01-18 11:20:09,889:INFO:create_model_container: 2
2021-01-18 11:20:09,889:INFO:master_model_container: 2
2021-01-18 11:20:09,889:INFO:display_container: 2
2021-01-18 11:20:09,891:INFO:GradientBoostingRegressor(alpha=0.9, ccp_alpha=0.0, criterion='friedman_mse',
                          init=None, learning_rate=0.1, loss='ls', max_depth=3,
                          max_features=None, max_leaf_nodes=None,
                          min_impurity_decrease=0.0, min_impurity_split=None,
                          min_samples_leaf=1, min_samples_split=2,
                          min_weight_fraction_leaf=0.0, n_estimators=100,
                          n_iter_no_change=None, presort='deprecated',
                          random_state=123, subsample=1.0, tol=0.0001,
                          validation_fraction=0.1, verbose=0, warm_start=False)
2021-01-18 11:20:09,891:INFO:create_model() succesfully completed......................................
2021-01-18 11:20:18,582:INFO:Initializing plot_model()
2021-01-18 11:20:18,583:INFO:plot_model(plot=residuals, fold=None, use_train_data=False, verbose=True, display=None, estimator=GradientBoostingRegressor(alpha=0.9, ccp_alpha=0.0, criterion='friedman_mse',
                          init=None, learning_rate=0.1, loss='ls', max_depth=3,
                          max_features=None, max_leaf_nodes=None,
                          min_impurity_decrease=0.0, min_impurity_split=None,
                          min_samples_leaf=1, min_samples_split=2,
                          min_weight_fraction_leaf=0.0, n_estimators=100,
                          n_iter_no_change=None, presort='deprecated',
                          random_state=123, subsample=1.0, tol=0.0001,
                          validation_fraction=0.1, verbose=0, warm_start=False), feature_name=None, fit_kwargs=None, groups=None, label=False, save=False, scale=1, system=True)
2021-01-18 11:20:18,583:INFO:Checking exceptions
2021-01-18 11:20:18,589:INFO:Preparing display monitor
2021-01-18 11:20:18,607:INFO:Preloading libraries
2021-01-18 11:20:18,640:INFO:Copying training dataset
2021-01-18 11:20:18,641:INFO:Copying test dataset
2021-01-18 11:20:18,642:INFO:Plot type: residuals
2021-01-18 11:20:18,710:INFO:Fitting Model
2021-01-18 11:20:18,769:INFO:Scoring test/hold-out set
2021-01-18 11:20:19,987:INFO:Visual Rendered Successfully
2021-01-18 11:20:20,160:INFO:plot_model() succesfully completed......................................
2021-01-18 11:20:28,141:INFO:Initializing save_model()
2021-01-18 11:20:28,141:INFO:save_model(model=GradientBoostingRegressor(alpha=0.9, ccp_alpha=0.0, criterion='friedman_mse',
                          init=None, learning_rate=0.1, loss='ls', max_depth=3,
                          max_features=None, max_leaf_nodes=None,
                          min_impurity_decrease=0.0, min_impurity_split=None,
                          min_samples_leaf=1, min_samples_split=2,
                          min_weight_fraction_leaf=0.0, n_estimators=100,
                          n_iter_no_change=None, presort='deprecated',
                          random_state=123, subsample=1.0, tol=0.0001,
                          validation_fraction=0.1, verbose=0, warm_start=False), model_name=deployment_28042020, prep_pipe_=Pipeline(memory=None,
         steps=[('dtypes',
                 DataTypes_Auto_infer(categorical_features=[],
                                      display_types=True, features_todrop=[],
                                      id_columns=[], ml_usecase='regression',
                                      numerical_features=[], target='charges',
                                      time_features=[])),
                ('imputer',
                 Simple_Imputer(categorical_strategy='not_available',
                                fill_value_categorical=None,
                                fill_value_numerical=None,
                                numeric_strategy...
                ('dummy', Dummify(target='charges')),
                ('fix_perfect', Remove_100(target='charges')),
                ('clean_names', Clean_Colum_Names()),
                ('feature_select', 'passthrough'), ('fix_multi', 'passthrough'),
                ('dfs',
                 DFS_Classic(interactions=['multiply'], ml_usecase='regression',
                             random_state=123, subclass='binary',
                             target='charges',
                             top_features_to_pick_percentage=None)),
                ('pca', 'passthrough')],
         verbose=False), verbose=True)
2021-01-18 11:20:28,141:INFO:Adding model into prep_pipe
2021-01-18 11:20:28,205:INFO:deployment_28042020.pkl saved in current working directory
2021-01-18 11:20:28,219:INFO:Pipeline(memory=None,
         steps=[('dtypes',
                 DataTypes_Auto_infer(categorical_features=[],
                                      display_types=True, features_todrop=[],
                                      id_columns=[], ml_usecase='regression',
                                      numerical_features=[], target='charges',
                                      time_features=[])),
                ('imputer',
                 Simple_Imputer(categorical_strategy='not_available',
                                fill_value_categorical=None,
                                fill_value_numerical=None,
                                numeric_strategy...
                                           learning_rate=0.1, loss='ls',
                                           max_depth=3, max_features=None,
                                           max_leaf_nodes=None,
                                           min_impurity_decrease=0.0,
                                           min_impurity_split=None,
                                           min_samples_leaf=1,
                                           min_samples_split=2,
                                           min_weight_fraction_leaf=0.0,
                                           n_estimators=100,
                                           n_iter_no_change=None,
                                           presort='deprecated',
                                           random_state=123, subsample=1.0,
                                           tol=0.0001, validation_fraction=0.1,
                                           verbose=0, warm_start=False)]],
         verbose=False)
2021-01-18 11:20:28,220:INFO:save_model() succesfully completed......................................
2021-01-18 11:20:29,235:INFO:Initializing load_model()
2021-01-18 11:20:29,236:INFO:load_model(model_name=deployment_28042020, platform=None, authentication=None, verbose=True)
